Arguments: 
  D:\nodejs\node.exe D:\ma\.yarn\releases\yarn-1.22.10.js

PATH: 
  C:\Program Files (x86)\Common Files\Oracle\Java\javapath;C:\Windows\system32;C:\Windows;C:\Windows\System32\Wbem;C:\Windows\System32\WindowsPowerShell\v1.0\;C:\Program Files\dotnet\;D:\nodejs\;C:\Program Files (x86)\Yarn\bin\;C:\Program Files\Git\cmd;C:\Program Files\gettext-iconv\bin;C:\Users\Administrator\AppData\Local\Microsoft\WindowsApps;d:\python27;d:\nodejs;d:\flutter\bin;D:\flutter\bin\cache\dart-sdk\bin;C:\Users\Administrator\AppData\Roaming\npm;C:\Users\Administrator\AppData\Local\Yarn\bin

Yarn version: 
  1.22.10

Node version: 
  12.13.0

Platform: 
  win32 x64

Trace: 
  SyntaxError: D:\ma\sequlize_socketio\public\r1\package.json: Unexpected token } in JSON at position 217
      at JSON.parse (<anonymous>)
      at D:\ma\.yarn\releases\yarn-1.22.10.js:1098:57
      at Generator.next (<anonymous>)
      at step (D:\ma\.yarn\releases\yarn-1.22.10.js:310:30)
      at D:\ma\.yarn\releases\yarn-1.22.10.js:321:13

npm manifest: 
  {
    "name": "sequlize_socketio",
    "version": "0.1.0",
    "private": true,
    "proxy": "http://localhost:8000/",
    "homepage": ".",
    "scripts": {
      "dev": "react-scripts start",
      "build": "react-scripts build",
    },
    "dependencies": {
      "bootstrap":"latest",
      "chart.js": "latest",
      "chartjs": "latest",
      "immutability-helper": "latest",
      "lodash.find": "latest",
      "lodash.isequal":"latest",
      "mime": "latest",
      "moment": "latest",
      "prop-types": "latest",
      "react": "latest",
      "react-autosuggest": "latest",
      "react-bootstrap":"latest",
      "react-chartjs-2": "latest",
      "react-contextmenu": "latest",
      "react-datetime": "latest",
      "react-dom": "latest",
      "react-scripts":"latest",
      "socket.io-client": "latest",
      "socket.io-stream": "latest",
      "typescript":"latest"
    },
    "devDependencies": {},
    "browserslist": [
      ">0.2%",
      "not dead",
      "not ie <= 11",
      "not op_mini all"
    ]
  }

yarn manifest: 
  No manifest

Lockfile: 
  No lockfile
